2025-03-30 21:56:51 [INFO] 🔁 App Starting
2025-03-30 21:57:06 [INFO] ✅ App Exited Successfully
2025-03-30 21:58:46 [INFO] 🔁 App Starting
2025-03-31 13:15:36 [INFO] 🔁 App Starting
2025-03-31 14:04:49 [INFO] 🔁 App Starting
2025-03-31 14:06:56 [INFO] 🔁 App Starting
2025-03-31 14:07:02 [INFO] [TERMINAL] input: lokllkl
2025-03-31 14:07:02 [INFO] [TERMINAL] response: [?] Unknown command: lokllkl
2025-03-31 14:07:03 [INFO] [TERMINAL] input: 
2025-03-31 14:07:26 [INFO] 🔁 App Starting
2025-03-31 14:07:29 [INFO] [TERMINAL] input: help
2025-03-31 14:07:29 [INFO] [TERMINAL] response: [OK] Commands: help, echo <text>, clear, exit
2025-03-31 14:07:36 [INFO] [TERMINAL] input: echo majom
2025-03-31 14:07:36 [INFO] [TERMINAL] response: majom
2025-03-31 14:07:40 [INFO] [TERMINAL] input: clear
2025-03-31 14:07:40 [INFO] [TERMINAL] response: [OK] Screen cleared.
2025-03-31 14:07:43 [INFO] [TERMINAL] input: exit
2025-03-31 14:07:43 [INFO] [TERMINAL] response: [info] Exiting terminal shell (not app).
2025-03-31 14:07:47 [INFO] [TERMINAL] input: 
2025-03-31 15:11:42 [INFO] [SETTINGS] Loaded from config/config.yaml
2025-03-31 15:11:42 [INFO] [SETTINGS] input_mode = hybrid
2025-03-31 15:14:56 [INFO] [SETTINGS] Loaded from config/config.yaml
2025-03-31 15:14:56 [INFO] [SETTINGS] input_mode = hybrid
2025-03-31 15:15:19 [INFO] [SETTINGS] Loaded from config/config.yaml
2025-03-31 15:15:19 [INFO] [SETTINGS] input_mode = hybrid
2025-03-31 15:26:27 [INFO] [SETTINGS] Loaded from config/config.yaml
2025-03-31 15:26:27 [INFO] [SETTINGS] input_mode = hybrid
2025-03-31 15:41:54 [INFO] [SETTINGS] Loaded from config/config.yaml
2025-03-31 15:41:54 [INFO] [SETTINGS] input_mode = hybrid
2025-03-31 15:45:45 [INFO] [SETTINGS] Loaded from config/config.yaml
2025-03-31 15:45:45 [INFO] [SETTINGS] input_mode = hybrid
2025-03-31 16:45:29 [INFO] [SETTINGS] Loaded from config/config.yaml
2025-03-31 16:45:29 [INFO] [SETTINGS] input_mode = hybrid
2025-03-31 16:45:37 [INFO] [TERMINAL] input: 
2025-03-31 16:45:39 [INFO] [TERMINAL] input: jgkmhgjmkjkh
2025-03-31 16:45:39 [INFO] [TERMINAL] response: [?] Unknown command: jgkmhgjmkjkh
2025-03-31 16:46:31 [INFO] [SETTINGS] Loaded from config/config.yaml
2025-03-31 16:46:31 [INFO] [SETTINGS] input_mode = hybrid
2025-03-31 16:46:45 [INFO] [TERMINAL] input: help
2025-03-31 16:46:45 [INFO] [TERMINAL] response: [OK] Commands: help, echo <text>, clear, exit, :set input_mode=...
2025-03-31 18:31:30 [INFO] [TERMINAL] input: 
2025-03-31 18:31:31 [INFO] [TERMINAL] input: help
2025-03-31 18:31:31 [INFO] [TERMINAL] response: [OK] Commands: help, echo <text>, clear, exit, :set input_mode=...
2025-03-31 18:53:54 [INFO] [SETTINGS] input_mode = hybrid
2025-03-31 18:53:56 [INFO] [TERMINAL] input: > load assets/test.mp4
2025-03-31 18:53:56 [INFO] [TERMINAL] response: [?] Unknown command: > load assets/test.mp4
2025-03-31 18:56:21 [INFO] [TERMINAL] input: load assets/test.mp4
2025-03-31 18:56:21 [INFO] [TERMINAL] response: [?] Unknown command: load assets/test.mp4
2025-03-31 18:57:15 [INFO] [SETTINGS] input_mode = hybrid
2025-03-31 18:57:29 [INFO] [TERMINAL] input: load assets/test.mp4
2025-03-31 18:57:29 [INFO] [TERMINAL] response: [?] Unknown command: load assets/test.mp4
2025-03-31 19:11:31 [INFO] [TERMINAL] input: load assets/test.mp4
2025-03-31 19:11:31 [INFO] [TERMINAL] response: [?] Unknown command: load assets/test.mp4
2025-03-31 19:11:49 [INFO] [SETTINGS] input_mode = hybrid
2025-03-31 19:12:05 [INFO] [TERMINAL] input: load assets/test.mp4
2025-03-31 19:12:05 [INFO] [TERMINAL] response: [?] Unknown command: load assets/test.mp4
2025-03-31 19:15:32 [INFO] [TERMINAL] input: 
2025-03-31 19:15:33 [INFO] [TERMINAL] input: help
2025-03-31 19:15:33 [INFO] [TERMINAL] response: [OK] Commands: help, echo <text>, clear, exit, :set input_mode=...
2025-03-31 19:23:07 [INFO] [SETTINGS] input_mode = hybrid
2025-03-31 19:23:09 [INFO] [TERMINAL] input: load modules/importer.py
2025-03-31 19:23:09 [INFO] [TERMINAL] response: [?] Unknown command: load modules/importer.py
2025-03-31 22:18:26 [INFO] [SETTINGS] input_mode = hybrid
2025-03-31 22:20:26 [INFO] [SETTINGS] input_mode = hybrid
2025-03-31 22:20:38 [INFO] [TERMINAL] response: [OK] Set analysis_fps to 2.5
2025-04-01 14:44:13 [INFO] [SETTINGS] input_mode = hybrid
2025-04-01 14:44:21 [INFO] [TERMINAL] response: [error] Execution Error: Path assets/video.mp4 not found
2025-04-01 14:48:14 [INFO] [SETTINGS] input_mode = hybrid
2025-04-01 15:05:09 [INFO] [SETTINGS] input_mode = hybrid
2025-04-01 15:05:24 [INFO] [TERMINAL] response: [OK] Loaded test.mp4 successfully
2025-04-01 15:05:32 [INFO] [TERMINAL] response: [?] Unknown command: extract
2025-04-01 16:48:18 [INFO] [SETTINGS] input_mode = hybrid
2025-04-01 17:07:31 [INFO] [SETTINGS] input_mode = hybrid
2025-04-01 17:07:37 [INFO] [TERMINAL] response: [OK] Loaded test.mp4 successfully
2025-04-01 17:07:43 [INFO] [TERMINAL] response: [OK] Extracted 42 frames at 2.0 fps → tmp_frames\test
2025-04-01 17:54:01 [INFO] [SETTINGS] input_mode = hybrid
2025-04-01 18:16:46 [INFO] [SETTINGS] input_mode = hybrid
2025-04-01 18:17:35 [INFO] [TERMINAL] response: [OK] Loaded test.mp4 successfully
2025-04-01 18:17:41 [INFO] [TERMINAL] response: [OK] Extracted 42 frames at 2.0 fps → tmp_frames\test
2025-04-01 18:18:12 [INFO] [TERMINAL] response: [?] Unknown command: q
2025-04-01 18:18:14 [INFO] [TERMINAL] response: [?] Unknown command: q
2025-04-01 18:18:26 [INFO] [SETTINGS] input_mode = hybrid
2025-04-01 18:18:46 [INFO] [TERMINAL] response: [OK] Loaded test.mp4 successfully
2025-04-01 18:18:51 [INFO] [TERMINAL] response: [OK] Extracted 42 frames at 2.0 fps → tmp_frames\test
2025-04-01 18:28:07 [INFO] [SETTINGS] input_mode = hybrid
2025-04-01 18:28:17 [INFO] [TERMINAL] response: [OK] Loaded test.mp4 successfully
2025-04-01 18:28:21 [INFO] [TERMINAL] response: [OK] Extracted 42 frames at 2.0 fps → tmp_frames\test
2025-04-01 19:28:04 [INFO] [SETTINGS] input_mode = hybrid
2025-04-01 19:28:58 [INFO] [IMPORT] Media loaded: test.mp4
2025-04-01 19:28:58 [INFO] [TERMINAL] response: [OK] Loaded test.mp4 successfully
2025-04-01 19:29:03 [INFO] [IMPORT] Extracted 45 frames to tmp_frames\test
2025-04-01 19:29:03 [INFO] [TERMINAL] response: [OK] Extracted 45 frames at 2.0 fps → tmp_frames\test
2025-04-01 19:30:46 [INFO] [TERMINAL] response: [?] Unknown command: xtract
2025-04-01 19:31:07 [INFO] [IMPORT] Extracted 21 frames to tmp_frames\test
2025-04-01 19:31:07 [INFO] [TERMINAL] response: [OK] Extracted 21 frames at 1.0 fps → tmp_frames\test
